java.lang.NumberFormatException: For input string: ""
	at java.lang.NumberFormatException.forInputString(NumberFormatException.java:65)
	at java.lang.Integer.parseInt(Integer.java:592)
	at java.lang.Integer.parseInt(Integer.java:615)
	at org.starloco.locos.kernel.Config.convertArrayStringToInt(Config.java:281)
	at org.starloco.locos.kernel.Config.load(Config.java:133)
	at org.starloco.locos.kernel.Main.start(Main.java:86)
	at org.starloco.locos.kernel.Main.main(Main.java:76)
java.lang.NumberFormatException: For input string: "5


"
	at java.lang.NumberFormatException.forInputString(NumberFormatException.java:65)
	at java.lang.Integer.parseInt(Integer.java:580)
	at java.lang.Integer.parseInt(Integer.java:615)
	at org.starloco.locos.entity.monster.Monster$MobGrade.<init>(Monster.java:1105)
	at org.starloco.locos.entity.monster.Monster.<init>(Monster.java:104)
	at org.starloco.locos.database.dynamics.data.MonsterData.load(MonsterData.java:52)
	at org.starloco.locos.game.world.World.createWorld(World.java:330)
	at org.starloco.locos.kernel.Main.start(Main.java:91)
	at org.starloco.locos.kernel.Main.main(Main.java:76)
java.lang.NumberFormatException: For input string: "5
"
	at java.lang.NumberFormatException.forInputString(NumberFormatException.java:65)
	at java.lang.Integer.parseInt(Integer.java:580)
	at java.lang.Integer.parseInt(Integer.java:615)
	at org.starloco.locos.entity.monster.Monster$MobGrade.<init>(Monster.java:1105)
	at org.starloco.locos.entity.monster.Monster.<init>(Monster.java:104)
	at org.starloco.locos.database.dynamics.data.MonsterData.load(MonsterData.java:52)
	at org.starloco.locos.game.world.World.createWorld(World.java:330)
	at org.starloco.locos.kernel.Main.start(Main.java:91)
	at org.starloco.locos.kernel.Main.main(Main.java:76)
java.lang.NumberFormatException: For input string: "5
"
	at java.lang.NumberFormatException.forInputString(NumberFormatException.java:65)
	at java.lang.Integer.parseInt(Integer.java:580)
	at java.lang.Integer.parseInt(Integer.java:615)
	at org.starloco.locos.entity.monster.Monster$MobGrade.<init>(Monster.java:1105)
	at org.starloco.locos.entity.monster.Monster.<init>(Monster.java:104)
	at org.starloco.locos.database.dynamics.data.MonsterData.load(MonsterData.java:52)
	at org.starloco.locos.game.world.World.createWorld(World.java:330)
	at org.starloco.locos.kernel.Main.start(Main.java:91)
	at org.starloco.locos.kernel.Main.main(Main.java:76)
java.lang.NumberFormatException: For input string: "5
"
	at java.lang.NumberFormatException.forInputString(NumberFormatException.java:65)
	at java.lang.Integer.parseInt(Integer.java:580)
	at java.lang.Integer.parseInt(Integer.java:615)
	at org.starloco.locos.entity.monster.Monster$MobGrade.<init>(Monster.java:1105)
	at org.starloco.locos.entity.monster.Monster.<init>(Monster.java:104)
	at org.starloco.locos.database.dynamics.data.MonsterData.load(MonsterData.java:52)
	at org.starloco.locos.game.world.World.createWorld(World.java:330)
	at org.starloco.locos.kernel.Main.start(Main.java:91)
	at org.starloco.locos.kernel.Main.main(Main.java:76)
java.lang.NumberFormatException: For input string: "5
"
	at java.lang.NumberFormatException.forInputString(NumberFormatException.java:65)
	at java.lang.Integer.parseInt(Integer.java:580)
	at java.lang.Integer.parseInt(Integer.java:615)
	at org.starloco.locos.entity.monster.Monster$MobGrade.<init>(Monster.java:1105)
	at org.starloco.locos.entity.monster.Monster.<init>(Monster.java:104)
	at org.starloco.locos.database.dynamics.data.MonsterData.load(MonsterData.java:52)
	at org.starloco.locos.game.world.World.createWorld(World.java:330)
	at org.starloco.locos.kernel.Main.start(Main.java:91)
	at org.starloco.locos.kernel.Main.main(Main.java:76)
java.lang.NumberFormatException: For input string: "5
"
	at java.lang.NumberFormatException.forInputString(NumberFormatException.java:65)
	at java.lang.Integer.parseInt(Integer.java:580)
	at java.lang.Integer.parseInt(Integer.java:615)
	at org.starloco.locos.entity.monster.Monster$MobGrade.<init>(Monster.java:1105)
	at org.starloco.locos.entity.monster.Monster.<init>(Monster.java:104)
	at org.starloco.locos.database.dynamics.data.MonsterData.load(MonsterData.java:52)
	at org.starloco.locos.game.world.World.createWorld(World.java:330)
	at org.starloco.locos.kernel.Main.start(Main.java:91)
	at org.starloco.locos.kernel.Main.main(Main.java:76)
java.lang.NumberFormatException: For input string: "5

"
	at java.lang.NumberFormatException.forInputString(NumberFormatException.java:65)
	at java.lang.Integer.parseInt(Integer.java:580)
	at java.lang.Integer.parseInt(Integer.java:615)
	at org.starloco.locos.entity.monster.Monster$MobGrade.<init>(Monster.java:1105)
	at org.starloco.locos.entity.monster.Monster.<init>(Monster.java:104)
	at org.starloco.locos.database.dynamics.data.MonsterData.load(MonsterData.java:52)
	at org.starloco.locos.game.world.World.createWorld(World.java:330)
	at org.starloco.locos.kernel.Main.start(Main.java:91)
	at org.starloco.locos.kernel.Main.main(Main.java:76)
java.io.IOException: Une connexion existante a dû être fermée par l’hôte distant
	at sun.nio.ch.SocketDispatcher.read0(Native Method)
	at sun.nio.ch.SocketDispatcher.read(SocketDispatcher.java:43)
	at sun.nio.ch.IOUtil.readIntoNativeBuffer(IOUtil.java:223)
	at sun.nio.ch.IOUtil.read(IOUtil.java:197)
	at sun.nio.ch.SocketChannelImpl.read(SocketChannelImpl.java:379)
	at org.apache.mina.transport.socket.nio.NioProcessor.read(NioProcessor.java:311)
	at org.apache.mina.transport.socket.nio.NioProcessor.read(NioProcessor.java:45)
	at org.apache.mina.core.polling.AbstractPollingIoProcessor.read(AbstractPollingIoProcessor.java:694)
	at org.apache.mina.core.polling.AbstractPollingIoProcessor.process(AbstractPollingIoProcessor.java:668)
	at org.apache.mina.core.polling.AbstractPollingIoProcessor.process(AbstractPollingIoProcessor.java:657)
	at org.apache.mina.core.polling.AbstractPollingIoProcessor.access$600(AbstractPollingIoProcessor.java:67)
	at org.apache.mina.core.polling.AbstractPollingIoProcessor$Processor.run(AbstractPollingIoProcessor.java:1121)
	at org.apache.mina.util.NamePreservingRunnable.run(NamePreservingRunnable.java:64)
	at java.util.concurrent.ThreadPoolExecutor.runWorker(ThreadPoolExecutor.java:1149)
	at java.util.concurrent.ThreadPoolExecutor$Worker.run(ThreadPoolExecutor.java:624)
	at java.lang.Thread.run(Thread.java:750)
java.lang.NullPointerException
	at org.starloco.locos.fight.spells.SpellEffect.applyEffect_181(SpellEffect.java:4095)
	at org.starloco.locos.fight.spells.SpellEffect.applyToFight(SpellEffect.java:690)
	at org.starloco.locos.fight.spells.SpellEffect.applyToFight(SpellEffect.java:395)
	at org.starloco.locos.fight.spells.Spell$SortStats.applySpellEffectToFight(Spell.java:453)
	at org.starloco.locos.fight.Fight.tryCastSpell(Fight.java:2519)
	at org.starloco.locos.fight.ia.util.Function.invocIfPossible(Function.java:1323)
	at org.starloco.locos.fight.ia.type.IA27.apply(IA27.java:58)
	at org.starloco.locos.fight.ia.IAHandler.lambda$select$0(IAHandler.java:225)
	at java.util.concurrent.Executors$RunnableAdapter.call(Executors.java:511)
	at java.util.concurrent.FutureTask.run(FutureTask.java:266)
	at java.util.concurrent.ScheduledThreadPoolExecutor$ScheduledFutureTask.access$201(ScheduledThreadPoolExecutor.java:180)
	at java.util.concurrent.ScheduledThreadPoolExecutor$ScheduledFutureTask.run(ScheduledThreadPoolExecutor.java:293)
	at java.util.concurrent.ThreadPoolExecutor.runWorker(ThreadPoolExecutor.java:1149)
	at java.util.concurrent.ThreadPoolExecutor$Worker.run(ThreadPoolExecutor.java:624)
	at java.lang.Thread.run(Thread.java:750)
