java.lang.NumberFormatException: For input string: ""
	at java.lang.NumberFormatException.forInputString(NumberFormatException.java:65)
	at java.lang.Integer.parseInt(Integer.java:592)
	at java.lang.Integer.parseInt(Integer.java:615)
	at org.starloco.locos.kernel.Config.convertArrayStringToInt(Config.java:281)
	at org.starloco.locos.kernel.Config.load(Config.java:133)
	at org.starloco.locos.kernel.Main.start(Main.java:86)
	at org.starloco.locos.kernel.Main.main(Main.java:76)
java.lang.NumberFormatException: For input string: "5


"
	at java.lang.NumberFormatException.forInputString(NumberFormatException.java:65)
	at java.lang.Integer.parseInt(Integer.java:580)
	at java.lang.Integer.parseInt(Integer.java:615)
	at org.starloco.locos.entity.monster.Monster$MobGrade.<init>(Monster.java:1105)
	at org.starloco.locos.entity.monster.Monster.<init>(Monster.java:104)
	at org.starloco.locos.database.dynamics.data.MonsterData.load(MonsterData.java:52)
	at org.starloco.locos.game.world.World.createWorld(World.java:330)
	at org.starloco.locos.kernel.Main.start(Main.java:91)
	at org.starloco.locos.kernel.Main.main(Main.java:76)
java.lang.NumberFormatException: For input string: "5
"
	at java.lang.NumberFormatException.forInputString(NumberFormatException.java:65)
	at java.lang.Integer.parseInt(Integer.java:580)
	at java.lang.Integer.parseInt(Integer.java:615)
	at org.starloco.locos.entity.monster.Monster$MobGrade.<init>(Monster.java:1105)
	at org.starloco.locos.entity.monster.Monster.<init>(Monster.java:104)
	at org.starloco.locos.database.dynamics.data.MonsterData.load(MonsterData.java:52)
	at org.starloco.locos.game.world.World.createWorld(World.java:330)
	at org.starloco.locos.kernel.Main.start(Main.java:91)
	at org.starloco.locos.kernel.Main.main(Main.java:76)
java.lang.NumberFormatException: For input string: "5
"
	at java.lang.NumberFormatException.forInputString(NumberFormatException.java:65)
	at java.lang.Integer.parseInt(Integer.java:580)
	at java.lang.Integer.parseInt(Integer.java:615)
	at org.starloco.locos.entity.monster.Monster$MobGrade.<init>(Monster.java:1105)
	at org.starloco.locos.entity.monster.Monster.<init>(Monster.java:104)
	at org.starloco.locos.database.dynamics.data.MonsterData.load(MonsterData.java:52)
	at org.starloco.locos.game.world.World.createWorld(World.java:330)
	at org.starloco.locos.kernel.Main.start(Main.java:91)
	at org.starloco.locos.kernel.Main.main(Main.java:76)
java.lang.NumberFormatException: For input string: "5
"
	at java.lang.NumberFormatException.forInputString(NumberFormatException.java:65)
	at java.lang.Integer.parseInt(Integer.java:580)
	at java.lang.Integer.parseInt(Integer.java:615)
	at org.starloco.locos.entity.monster.Monster$MobGrade.<init>(Monster.java:1105)
	at org.starloco.locos.entity.monster.Monster.<init>(Monster.java:104)
	at org.starloco.locos.database.dynamics.data.MonsterData.load(MonsterData.java:52)
	at org.starloco.locos.game.world.World.createWorld(World.java:330)
	at org.starloco.locos.kernel.Main.start(Main.java:91)
	at org.starloco.locos.kernel.Main.main(Main.java:76)
java.lang.NumberFormatException: For input string: "5
"
	at java.lang.NumberFormatException.forInputString(NumberFormatException.java:65)
	at java.lang.Integer.parseInt(Integer.java:580)
	at java.lang.Integer.parseInt(Integer.java:615)
	at org.starloco.locos.entity.monster.Monster$MobGrade.<init>(Monster.java:1105)
	at org.starloco.locos.entity.monster.Monster.<init>(Monster.java:104)
	at org.starloco.locos.database.dynamics.data.MonsterData.load(MonsterData.java:52)
	at org.starloco.locos.game.world.World.createWorld(World.java:330)
	at org.starloco.locos.kernel.Main.start(Main.java:91)
	at org.starloco.locos.kernel.Main.main(Main.java:76)
java.lang.NumberFormatException: For input string: "5
"
	at java.lang.NumberFormatException.forInputString(NumberFormatException.java:65)
	at java.lang.Integer.parseInt(Integer.java:580)
	at java.lang.Integer.parseInt(Integer.java:615)
	at org.starloco.locos.entity.monster.Monster$MobGrade.<init>(Monster.java:1105)
	at org.starloco.locos.entity.monster.Monster.<init>(Monster.java:104)
	at org.starloco.locos.database.dynamics.data.MonsterData.load(MonsterData.java:52)
	at org.starloco.locos.game.world.World.createWorld(World.java:330)
	at org.starloco.locos.kernel.Main.start(Main.java:91)
	at org.starloco.locos.kernel.Main.main(Main.java:76)
java.lang.NumberFormatException: For input string: "5

"
	at java.lang.NumberFormatException.forInputString(NumberFormatException.java:65)
	at java.lang.Integer.parseInt(Integer.java:580)
	at java.lang.Integer.parseInt(Integer.java:615)
	at org.starloco.locos.entity.monster.Monster$MobGrade.<init>(Monster.java:1105)
	at org.starloco.locos.entity.monster.Monster.<init>(Monster.java:104)
	at org.starloco.locos.database.dynamics.data.MonsterData.load(MonsterData.java:52)
	at org.starloco.locos.game.world.World.createWorld(World.java:330)
	at org.starloco.locos.kernel.Main.start(Main.java:91)
	at org.starloco.locos.kernel.Main.main(Main.java:76)
java.lang.ArrayIndexOutOfBoundsException: 3
	at org.starloco.locos.other.Action.apply(Action.java:2228)
	at org.starloco.locos.entity.npc.NpcAnswer.apply(NpcAnswer.java:45)
	at org.starloco.locos.game.GameClient.response(GameClient.java:1546)
	at org.starloco.locos.game.GameClient.parseDialogPacket(GameClient.java:1336)
	at org.starloco.locos.game.GameClient.parsePacket(GameClient.java:147)
	at org.starloco.locos.game.GameHandler.messageReceived(GameHandler.java:32)
	at org.apache.mina.core.filterchain.DefaultIoFilterChain$TailFilter.messageReceived(DefaultIoFilterChain.java:854)
	at org.apache.mina.core.filterchain.DefaultIoFilterChain.callNextMessageReceived(DefaultIoFilterChain.java:542)
	at org.apache.mina.core.filterchain.DefaultIoFilterChain.access$1300(DefaultIoFilterChain.java:48)
	at org.apache.mina.core.filterchain.DefaultIoFilterChain$EntryImpl$1.messageReceived(DefaultIoFilterChain.java:943)
	at org.apache.mina.filter.codec.ProtocolCodecFilter$ProtocolDecoderOutputImpl.flush(ProtocolCodecFilter.java:405)
	at org.apache.mina.filter.codec.ProtocolCodecFilter.messageReceived(ProtocolCodecFilter.java:235)
	at org.apache.mina.core.filterchain.DefaultIoFilterChain.callNextMessageReceived(DefaultIoFilterChain.java:542)
	at org.apache.mina.core.filterchain.DefaultIoFilterChain.access$1300(DefaultIoFilterChain.java:48)
	at org.apache.mina.core.filterchain.DefaultIoFilterChain$EntryImpl$1.messageReceived(DefaultIoFilterChain.java:943)
	at org.apache.mina.core.filterchain.IoFilterAdapter.messageReceived(IoFilterAdapter.java:109)
	at org.apache.mina.core.filterchain.DefaultIoFilterChain.callNextMessageReceived(DefaultIoFilterChain.java:542)
	at org.apache.mina.core.filterchain.DefaultIoFilterChain.fireMessageReceived(DefaultIoFilterChain.java:535)
	at org.apache.mina.core.polling.AbstractPollingIoProcessor.read(AbstractPollingIoProcessor.java:714)
	at org.apache.mina.core.polling.AbstractPollingIoProcessor.process(AbstractPollingIoProcessor.java:668)
	at org.apache.mina.core.polling.AbstractPollingIoProcessor.process(AbstractPollingIoProcessor.java:657)
	at org.apache.mina.core.polling.AbstractPollingIoProcessor.access$600(AbstractPollingIoProcessor.java:67)
	at org.apache.mina.core.polling.AbstractPollingIoProcessor$Processor.run(AbstractPollingIoProcessor.java:1121)
	at org.apache.mina.util.NamePreservingRunnable.run(NamePreservingRunnable.java:64)
	at java.util.concurrent.ThreadPoolExecutor.runWorker(ThreadPoolExecutor.java:1149)
	at java.util.concurrent.ThreadPoolExecutor$Worker.run(ThreadPoolExecutor.java:624)
	at java.lang.Thread.run(Thread.java:750)
java.lang.NullPointerException
	at org.starloco.locos.fight.spells.SpellEffect.applyEffect_181(SpellEffect.java:4095)
	at org.starloco.locos.fight.spells.SpellEffect.applyToFight(SpellEffect.java:690)
	at org.starloco.locos.fight.spells.SpellEffect.applyToFight(SpellEffect.java:395)
	at org.starloco.locos.fight.spells.Spell$SortStats.applySpellEffectToFight(Spell.java:453)
	at org.starloco.locos.fight.Fight.tryCastSpell(Fight.java:2515)
	at org.starloco.locos.fight.ia.util.Function.invocIfPossible(Function.java:1323)
	at org.starloco.locos.fight.ia.type.IA16.apply(IA16.java:93)
	at org.starloco.locos.fight.ia.AbstractIA.decrementCount(AbstractIA.java:69)
	at java.util.concurrent.Executors$RunnableAdapter.call(Executors.java:511)
	at java.util.concurrent.FutureTask.run(FutureTask.java:266)
	at java.util.concurrent.ScheduledThreadPoolExecutor$ScheduledFutureTask.access$201(ScheduledThreadPoolExecutor.java:180)
	at java.util.concurrent.ScheduledThreadPoolExecutor$ScheduledFutureTask.run(ScheduledThreadPoolExecutor.java:293)
	at java.util.concurrent.ThreadPoolExecutor.runWorker(ThreadPoolExecutor.java:1149)
	at java.util.concurrent.ThreadPoolExecutor$Worker.run(ThreadPoolExecutor.java:624)
	at java.lang.Thread.run(Thread.java:750)
java.lang.NullPointerException
	at org.starloco.locos.fight.spells.SpellEffect.applyEffect_181(SpellEffect.java:4095)
	at org.starloco.locos.fight.spells.SpellEffect.applyToFight(SpellEffect.java:690)
	at org.starloco.locos.fight.spells.SpellEffect.applyToFight(SpellEffect.java:395)
	at org.starloco.locos.fight.spells.Spell$SortStats.applySpellEffectToFight(Spell.java:453)
	at org.starloco.locos.fight.Fight.tryCastSpell(Fight.java:2515)
	at org.starloco.locos.fight.ia.util.Function.invocIfPossible(Function.java:1323)
	at org.starloco.locos.fight.ia.type.IA16.apply(IA16.java:93)
	at org.starloco.locos.fight.ia.AbstractIA.decrementCount(AbstractIA.java:69)
	at java.util.concurrent.Executors$RunnableAdapter.call(Executors.java:511)
	at java.util.concurrent.FutureTask.run(FutureTask.java:266)
	at java.util.concurrent.ScheduledThreadPoolExecutor$ScheduledFutureTask.access$201(ScheduledThreadPoolExecutor.java:180)
	at java.util.concurrent.ScheduledThreadPoolExecutor$ScheduledFutureTask.run(ScheduledThreadPoolExecutor.java:293)
	at java.util.concurrent.ThreadPoolExecutor.runWorker(ThreadPoolExecutor.java:1149)
	at java.util.concurrent.ThreadPoolExecutor$Worker.run(ThreadPoolExecutor.java:624)
	at java.lang.Thread.run(Thread.java:750)
java.lang.NullPointerException
	at org.starloco.locos.fight.spells.SpellEffect.applyEffect_181(SpellEffect.java:4095)
	at org.starloco.locos.fight.spells.SpellEffect.applyToFight(SpellEffect.java:690)
	at org.starloco.locos.fight.spells.SpellEffect.applyToFight(SpellEffect.java:395)
	at org.starloco.locos.fight.spells.Spell$SortStats.applySpellEffectToFight(Spell.java:453)
	at org.starloco.locos.fight.Fight.tryCastSpell(Fight.java:2515)
	at org.starloco.locos.fight.ia.util.Function.invocIfPossible(Function.java:1323)
	at org.starloco.locos.fight.ia.type.IA16.apply(IA16.java:93)
	at org.starloco.locos.fight.ia.AbstractIA.decrementCount(AbstractIA.java:69)
	at java.util.concurrent.Executors$RunnableAdapter.call(Executors.java:511)
	at java.util.concurrent.FutureTask.run(FutureTask.java:266)
	at java.util.concurrent.ScheduledThreadPoolExecutor$ScheduledFutureTask.access$201(ScheduledThreadPoolExecutor.java:180)
	at java.util.concurrent.ScheduledThreadPoolExecutor$ScheduledFutureTask.run(ScheduledThreadPoolExecutor.java:293)
	at java.util.concurrent.ThreadPoolExecutor.runWorker(ThreadPoolExecutor.java:1149)
	at java.util.concurrent.ThreadPoolExecutor$Worker.run(ThreadPoolExecutor.java:624)
	at java.lang.Thread.run(Thread.java:750)
java.lang.NullPointerException
	at org.starloco.locos.fight.spells.SpellEffect.applyEffect_181(SpellEffect.java:4095)
	at org.starloco.locos.fight.spells.SpellEffect.applyToFight(SpellEffect.java:690)
	at org.starloco.locos.fight.spells.SpellEffect.applyToFight(SpellEffect.java:395)
	at org.starloco.locos.fight.spells.Spell$SortStats.applySpellEffectToFight(Spell.java:453)
	at org.starloco.locos.fight.Fight.tryCastSpell(Fight.java:2515)
	at org.starloco.locos.fight.ia.util.Function.invocIfPossible(Function.java:1323)
	at org.starloco.locos.fight.ia.type.IA16.apply(IA16.java:93)
	at org.starloco.locos.fight.ia.AbstractIA.decrementCount(AbstractIA.java:69)
	at java.util.concurrent.Executors$RunnableAdapter.call(Executors.java:511)
	at java.util.concurrent.FutureTask.run(FutureTask.java:266)
	at java.util.concurrent.ScheduledThreadPoolExecutor$ScheduledFutureTask.access$201(ScheduledThreadPoolExecutor.java:180)
	at java.util.concurrent.ScheduledThreadPoolExecutor$ScheduledFutureTask.run(ScheduledThreadPoolExecutor.java:293)
	at java.util.concurrent.ThreadPoolExecutor.runWorker(ThreadPoolExecutor.java:1149)
	at java.util.concurrent.ThreadPoolExecutor$Worker.run(ThreadPoolExecutor.java:624)
	at java.lang.Thread.run(Thread.java:750)
java.lang.NullPointerException
	at org.starloco.locos.fight.spells.SpellEffect.applyEffect_181(SpellEffect.java:4095)
	at org.starloco.locos.fight.spells.SpellEffect.applyToFight(SpellEffect.java:690)
	at org.starloco.locos.fight.spells.SpellEffect.applyToFight(SpellEffect.java:395)
	at org.starloco.locos.fight.spells.Spell$SortStats.applySpellEffectToFight(Spell.java:453)
	at org.starloco.locos.fight.Fight.tryCastSpell(Fight.java:2515)
	at org.starloco.locos.fight.ia.util.Function.invocIfPossible(Function.java:1323)
	at org.starloco.locos.fight.ia.type.IA16.apply(IA16.java:93)
	at org.starloco.locos.fight.ia.AbstractIA.decrementCount(AbstractIA.java:69)
	at java.util.concurrent.Executors$RunnableAdapter.call(Executors.java:511)
	at java.util.concurrent.FutureTask.run(FutureTask.java:266)
	at java.util.concurrent.ScheduledThreadPoolExecutor$ScheduledFutureTask.access$201(ScheduledThreadPoolExecutor.java:180)
	at java.util.concurrent.ScheduledThreadPoolExecutor$ScheduledFutureTask.run(ScheduledThreadPoolExecutor.java:293)
	at java.util.concurrent.ThreadPoolExecutor.runWorker(ThreadPoolExecutor.java:1149)
	at java.util.concurrent.ThreadPoolExecutor$Worker.run(ThreadPoolExecutor.java:624)
	at java.lang.Thread.run(Thread.java:750)
java.lang.NullPointerException
	at org.starloco.locos.fight.spells.SpellEffect.applyEffect_181(SpellEffect.java:4095)
	at org.starloco.locos.fight.spells.SpellEffect.applyToFight(SpellEffect.java:690)
	at org.starloco.locos.fight.spells.SpellEffect.applyToFight(SpellEffect.java:395)
	at org.starloco.locos.fight.spells.Spell$SortStats.applySpellEffectToFight(Spell.java:453)
	at org.starloco.locos.fight.Fight.tryCastSpell(Fight.java:2515)
	at org.starloco.locos.fight.ia.util.Function.invocIfPossible(Function.java:1323)
	at org.starloco.locos.fight.ia.type.IA16.apply(IA16.java:93)
	at org.starloco.locos.fight.ia.AbstractIA.decrementCount(AbstractIA.java:69)
	at java.util.concurrent.Executors$RunnableAdapter.call(Executors.java:511)
	at java.util.concurrent.FutureTask.run(FutureTask.java:266)
	at java.util.concurrent.ScheduledThreadPoolExecutor$ScheduledFutureTask.access$201(ScheduledThreadPoolExecutor.java:180)
	at java.util.concurrent.ScheduledThreadPoolExecutor$ScheduledFutureTask.run(ScheduledThreadPoolExecutor.java:293)
	at java.util.concurrent.ThreadPoolExecutor.runWorker(ThreadPoolExecutor.java:1149)
	at java.util.concurrent.ThreadPoolExecutor$Worker.run(ThreadPoolExecutor.java:624)
	at java.lang.Thread.run(Thread.java:750)
java.lang.NullPointerException
	at org.starloco.locos.fight.spells.SpellEffect.applyEffect_181(SpellEffect.java:4095)
	at org.starloco.locos.fight.spells.SpellEffect.applyToFight(SpellEffect.java:690)
	at org.starloco.locos.fight.spells.SpellEffect.applyToFight(SpellEffect.java:395)
	at org.starloco.locos.fight.spells.Spell$SortStats.applySpellEffectToFight(Spell.java:453)
	at org.starloco.locos.fight.Fight.tryCastSpell(Fight.java:2515)
	at org.starloco.locos.fight.ia.util.Function.invocIfPossible(Function.java:1323)
	at org.starloco.locos.fight.ia.type.IA16.apply(IA16.java:93)
	at org.starloco.locos.fight.ia.AbstractIA.decrementCount(AbstractIA.java:69)
	at java.util.concurrent.Executors$RunnableAdapter.call(Executors.java:511)
	at java.util.concurrent.FutureTask.run(FutureTask.java:266)
	at java.util.concurrent.ScheduledThreadPoolExecutor$ScheduledFutureTask.access$201(ScheduledThreadPoolExecutor.java:180)
	at java.util.concurrent.ScheduledThreadPoolExecutor$ScheduledFutureTask.run(ScheduledThreadPoolExecutor.java:293)
	at java.util.concurrent.ThreadPoolExecutor.runWorker(ThreadPoolExecutor.java:1149)
	at java.util.concurrent.ThreadPoolExecutor$Worker.run(ThreadPoolExecutor.java:624)
	at java.lang.Thread.run(Thread.java:750)
java.lang.NullPointerException
	at org.starloco.locos.fight.spells.SpellEffect.applyEffect_181(SpellEffect.java:4095)
	at org.starloco.locos.fight.spells.SpellEffect.applyToFight(SpellEffect.java:690)
	at org.starloco.locos.fight.spells.SpellEffect.applyToFight(SpellEffect.java:395)
	at org.starloco.locos.fight.spells.Spell$SortStats.applySpellEffectToFight(Spell.java:453)
	at org.starloco.locos.fight.Fight.tryCastSpell(Fight.java:2515)
	at org.starloco.locos.fight.ia.util.Function.invocIfPossibleloin(Function.java:1350)
	at org.starloco.locos.fight.ia.type.IA35.apply(IA35.java:99)
	at org.starloco.locos.fight.ia.AbstractIA.decrementCount(AbstractIA.java:69)
	at java.util.concurrent.Executors$RunnableAdapter.call(Executors.java:511)
	at java.util.concurrent.FutureTask.run(FutureTask.java:266)
	at java.util.concurrent.ScheduledThreadPoolExecutor$ScheduledFutureTask.access$201(ScheduledThreadPoolExecutor.java:180)
	at java.util.concurrent.ScheduledThreadPoolExecutor$ScheduledFutureTask.run(ScheduledThreadPoolExecutor.java:293)
	at java.util.concurrent.ThreadPoolExecutor.runWorker(ThreadPoolExecutor.java:1149)
	at java.util.concurrent.ThreadPoolExecutor$Worker.run(ThreadPoolExecutor.java:624)
	at java.lang.Thread.run(Thread.java:750)
java.lang.NullPointerException
	at org.starloco.locos.fight.spells.SpellEffect.applyEffect_181(SpellEffect.java:4095)
	at org.starloco.locos.fight.spells.SpellEffect.applyToFight(SpellEffect.java:690)
	at org.starloco.locos.fight.spells.SpellEffect.applyToFight(SpellEffect.java:395)
	at org.starloco.locos.fight.spells.Spell$SortStats.applySpellEffectToFight(Spell.java:453)
	at org.starloco.locos.fight.Fight.tryCastSpell(Fight.java:2515)
	at org.starloco.locos.fight.ia.util.Function.invocIfPossible(Function.java:1323)
	at org.starloco.locos.fight.ia.type.IA39.apply(IA39.java:73)
	at org.starloco.locos.fight.ia.IAHandler.lambda$select$0(IAHandler.java:225)
	at java.util.concurrent.Executors$RunnableAdapter.call(Executors.java:511)
	at java.util.concurrent.FutureTask.run(FutureTask.java:266)
	at java.util.concurrent.ScheduledThreadPoolExecutor$ScheduledFutureTask.access$201(ScheduledThreadPoolExecutor.java:180)
	at java.util.concurrent.ScheduledThreadPoolExecutor$ScheduledFutureTask.run(ScheduledThreadPoolExecutor.java:293)
	at java.util.concurrent.ThreadPoolExecutor.runWorker(ThreadPoolExecutor.java:1149)
	at java.util.concurrent.ThreadPoolExecutor$Worker.run(ThreadPoolExecutor.java:624)
	at java.lang.Thread.run(Thread.java:750)
java.lang.NullPointerException
	at org.starloco.locos.fight.spells.SpellEffect.applyEffect_181(SpellEffect.java:4095)
	at org.starloco.locos.fight.spells.SpellEffect.applyToFight(SpellEffect.java:690)
	at org.starloco.locos.fight.spells.SpellEffect.applyToFight(SpellEffect.java:395)
	at org.starloco.locos.fight.spells.Spell$SortStats.applySpellEffectToFight(Spell.java:453)
	at org.starloco.locos.fight.Fight.tryCastSpell(Fight.java:2515)
	at org.starloco.locos.fight.ia.util.Function.invocIfPossible(Function.java:1323)
	at org.starloco.locos.fight.ia.type.IA39.apply(IA39.java:73)
	at org.starloco.locos.fight.ia.AbstractIA.decrementCount(AbstractIA.java:69)
	at java.util.concurrent.Executors$RunnableAdapter.call(Executors.java:511)
	at java.util.concurrent.FutureTask.run(FutureTask.java:266)
	at java.util.concurrent.ScheduledThreadPoolExecutor$ScheduledFutureTask.access$201(ScheduledThreadPoolExecutor.java:180)
	at java.util.concurrent.ScheduledThreadPoolExecutor$ScheduledFutureTask.run(ScheduledThreadPoolExecutor.java:293)
	at java.util.concurrent.ThreadPoolExecutor.runWorker(ThreadPoolExecutor.java:1149)
	at java.util.concurrent.ThreadPoolExecutor$Worker.run(ThreadPoolExecutor.java:624)
	at java.lang.Thread.run(Thread.java:750)
java.lang.NullPointerException
	at org.starloco.locos.fight.spells.SpellEffect.applyEffect_181(SpellEffect.java:4095)
	at org.starloco.locos.fight.spells.SpellEffect.applyToFight(SpellEffect.java:690)
	at org.starloco.locos.fight.spells.SpellEffect.applyToFight(SpellEffect.java:395)
	at org.starloco.locos.fight.spells.Spell$SortStats.applySpellEffectToFight(Spell.java:453)
	at org.starloco.locos.fight.Fight.tryCastSpell(Fight.java:2515)
	at org.starloco.locos.fight.ia.util.Function.invocIfPossible(Function.java:1323)
	at org.starloco.locos.fight.ia.type.IA39.apply(IA39.java:73)
	at org.starloco.locos.fight.ia.IAHandler.lambda$select$0(IAHandler.java:225)
	at java.util.concurrent.Executors$RunnableAdapter.call(Executors.java:511)
	at java.util.concurrent.FutureTask.run(FutureTask.java:266)
	at java.util.concurrent.ScheduledThreadPoolExecutor$ScheduledFutureTask.access$201(ScheduledThreadPoolExecutor.java:180)
	at java.util.concurrent.ScheduledThreadPoolExecutor$ScheduledFutureTask.run(ScheduledThreadPoolExecutor.java:293)
	at java.util.concurrent.ThreadPoolExecutor.runWorker(ThreadPoolExecutor.java:1149)
	at java.util.concurrent.ThreadPoolExecutor$Worker.run(ThreadPoolExecutor.java:624)
	at java.lang.Thread.run(Thread.java:750)
java.lang.NullPointerException
	at org.starloco.locos.fight.spells.SpellEffect.applyEffect_181(SpellEffect.java:4095)
	at org.starloco.locos.fight.spells.SpellEffect.applyToFight(SpellEffect.java:690)
	at org.starloco.locos.fight.spells.SpellEffect.applyToFight(SpellEffect.java:395)
	at org.starloco.locos.fight.spells.Spell$SortStats.applySpellEffectToFight(Spell.java:453)
	at org.starloco.locos.fight.Fight.tryCastSpell(Fight.java:2515)
	at org.starloco.locos.fight.ia.util.Function.invocIfPossible(Function.java:1323)
	at org.starloco.locos.fight.ia.type.IA27.apply(IA27.java:58)
	at org.starloco.locos.fight.ia.IAHandler.lambda$select$0(IAHandler.java:225)
	at java.util.concurrent.Executors$RunnableAdapter.call(Executors.java:511)
	at java.util.concurrent.FutureTask.run(FutureTask.java:266)
	at java.util.concurrent.ScheduledThreadPoolExecutor$ScheduledFutureTask.access$201(ScheduledThreadPoolExecutor.java:180)
	at java.util.concurrent.ScheduledThreadPoolExecutor$ScheduledFutureTask.run(ScheduledThreadPoolExecutor.java:293)
	at java.util.concurrent.ThreadPoolExecutor.runWorker(ThreadPoolExecutor.java:1149)
	at java.util.concurrent.ThreadPoolExecutor$Worker.run(ThreadPoolExecutor.java:624)
	at java.lang.Thread.run(Thread.java:750)
java.lang.NullPointerException
	at org.starloco.locos.fight.spells.SpellEffect.applyEffect_181(SpellEffect.java:4095)
	at org.starloco.locos.fight.spells.SpellEffect.applyToFight(SpellEffect.java:690)
	at org.starloco.locos.fight.spells.SpellEffect.applyToFight(SpellEffect.java:395)
	at org.starloco.locos.fight.spells.Spell$SortStats.applySpellEffectToFight(Spell.java:453)
	at org.starloco.locos.fight.Fight.tryCastSpell(Fight.java:2515)
	at org.starloco.locos.fight.ia.util.Function.invocIfPossible(Function.java:1323)
	at org.starloco.locos.fight.ia.type.IA27.apply(IA27.java:58)
	at org.starloco.locos.fight.ia.IAHandler.lambda$select$0(IAHandler.java:225)
	at java.util.concurrent.Executors$RunnableAdapter.call(Executors.java:511)
	at java.util.concurrent.FutureTask.run(FutureTask.java:266)
	at java.util.concurrent.ScheduledThreadPoolExecutor$ScheduledFutureTask.access$201(ScheduledThreadPoolExecutor.java:180)
	at java.util.concurrent.ScheduledThreadPoolExecutor$ScheduledFutureTask.run(ScheduledThreadPoolExecutor.java:293)
	at java.util.concurrent.ThreadPoolExecutor.runWorker(ThreadPoolExecutor.java:1149)
	at java.util.concurrent.ThreadPoolExecutor$Worker.run(ThreadPoolExecutor.java:624)
	at java.lang.Thread.run(Thread.java:750)
java.lang.NullPointerException
	at org.starloco.locos.fight.spells.SpellEffect.applyEffect_181(SpellEffect.java:4095)
	at org.starloco.locos.fight.spells.SpellEffect.applyToFight(SpellEffect.java:690)
	at org.starloco.locos.fight.spells.SpellEffect.applyToFight(SpellEffect.java:395)
	at org.starloco.locos.fight.spells.Spell$SortStats.applySpellEffectToFight(Spell.java:453)
	at org.starloco.locos.fight.Fight.tryCastSpell(Fight.java:2515)
	at org.starloco.locos.fight.ia.util.Function.invocIfPossible(Function.java:1323)
	at org.starloco.locos.fight.ia.type.IA16.apply(IA16.java:93)
	at org.starloco.locos.fight.ia.AbstractIA.decrementCount(AbstractIA.java:69)
	at java.util.concurrent.Executors$RunnableAdapter.call(Executors.java:511)
	at java.util.concurrent.FutureTask.run(FutureTask.java:266)
	at java.util.concurrent.ScheduledThreadPoolExecutor$ScheduledFutureTask.access$201(ScheduledThreadPoolExecutor.java:180)
	at java.util.concurrent.ScheduledThreadPoolExecutor$ScheduledFutureTask.run(ScheduledThreadPoolExecutor.java:293)
	at java.util.concurrent.ThreadPoolExecutor.runWorker(ThreadPoolExecutor.java:1149)
	at java.util.concurrent.ThreadPoolExecutor$Worker.run(ThreadPoolExecutor.java:624)
	at java.lang.Thread.run(Thread.java:750)
java.lang.NullPointerException
	at org.starloco.locos.fight.spells.SpellEffect.applyEffect_181(SpellEffect.java:4095)
	at org.starloco.locos.fight.spells.SpellEffect.applyToFight(SpellEffect.java:690)
	at org.starloco.locos.fight.spells.SpellEffect.applyToFight(SpellEffect.java:395)
	at org.starloco.locos.fight.spells.Spell$SortStats.applySpellEffectToFight(Spell.java:453)
	at org.starloco.locos.fight.Fight.tryCastSpell(Fight.java:2515)
	at org.starloco.locos.fight.ia.util.Function.invocIfPossible(Function.java:1323)
	at org.starloco.locos.fight.ia.type.IA16.apply(IA16.java:93)
	at org.starloco.locos.fight.ia.AbstractIA.decrementCount(AbstractIA.java:69)
	at java.util.concurrent.Executors$RunnableAdapter.call(Executors.java:511)
	at java.util.concurrent.FutureTask.run(FutureTask.java:266)
	at java.util.concurrent.ScheduledThreadPoolExecutor$ScheduledFutureTask.access$201(ScheduledThreadPoolExecutor.java:180)
	at java.util.concurrent.ScheduledThreadPoolExecutor$ScheduledFutureTask.run(ScheduledThreadPoolExecutor.java:293)
	at java.util.concurrent.ThreadPoolExecutor.runWorker(ThreadPoolExecutor.java:1149)
	at java.util.concurrent.ThreadPoolExecutor$Worker.run(ThreadPoolExecutor.java:624)
	at java.lang.Thread.run(Thread.java:750)
java.lang.NullPointerException
	at org.starloco.locos.fight.spells.SpellEffect.applyEffect_181(SpellEffect.java:4095)
	at org.starloco.locos.fight.spells.SpellEffect.applyToFight(SpellEffect.java:690)
	at org.starloco.locos.fight.spells.SpellEffect.applyToFight(SpellEffect.java:395)
	at org.starloco.locos.fight.spells.Spell$SortStats.applySpellEffectToFight(Spell.java:453)
	at org.starloco.locos.fight.Fight.tryCastSpell(Fight.java:2515)
	at org.starloco.locos.fight.ia.util.Function.invocIfPossible(Function.java:1323)
	at org.starloco.locos.fight.ia.type.IA16.apply(IA16.java:93)
	at org.starloco.locos.fight.ia.AbstractIA.decrementCount(AbstractIA.java:69)
	at java.util.concurrent.Executors$RunnableAdapter.call(Executors.java:511)
	at java.util.concurrent.FutureTask.run(FutureTask.java:266)
	at java.util.concurrent.ScheduledThreadPoolExecutor$ScheduledFutureTask.access$201(ScheduledThreadPoolExecutor.java:180)
	at java.util.concurrent.ScheduledThreadPoolExecutor$ScheduledFutureTask.run(ScheduledThreadPoolExecutor.java:293)
	at java.util.concurrent.ThreadPoolExecutor.runWorker(ThreadPoolExecutor.java:1149)
	at java.util.concurrent.ThreadPoolExecutor$Worker.run(ThreadPoolExecutor.java:624)
	at java.lang.Thread.run(Thread.java:750)
java.lang.NullPointerException
	at org.starloco.locos.fight.spells.SpellEffect.applyEffect_181(SpellEffect.java:4095)
	at org.starloco.locos.fight.spells.SpellEffect.applyToFight(SpellEffect.java:690)
	at org.starloco.locos.fight.spells.SpellEffect.applyToFight(SpellEffect.java:395)
	at org.starloco.locos.fight.spells.Spell$SortStats.applySpellEffectToFight(Spell.java:453)
	at org.starloco.locos.fight.Fight.tryCastSpell(Fight.java:2515)
	at org.starloco.locos.fight.ia.util.Function.invocIfPossible(Function.java:1323)
	at org.starloco.locos.fight.ia.type.IA16.apply(IA16.java:93)
	at org.starloco.locos.fight.ia.AbstractIA.decrementCount(AbstractIA.java:69)
	at java.util.concurrent.Executors$RunnableAdapter.call(Executors.java:511)
	at java.util.concurrent.FutureTask.run(FutureTask.java:266)
	at java.util.concurrent.ScheduledThreadPoolExecutor$ScheduledFutureTask.access$201(ScheduledThreadPoolExecutor.java:180)
	at java.util.concurrent.ScheduledThreadPoolExecutor$ScheduledFutureTask.run(ScheduledThreadPoolExecutor.java:293)
	at java.util.concurrent.ThreadPoolExecutor.runWorker(ThreadPoolExecutor.java:1149)
	at java.util.concurrent.ThreadPoolExecutor$Worker.run(ThreadPoolExecutor.java:624)
	at java.lang.Thread.run(Thread.java:750)
java.lang.NullPointerException
	at org.starloco.locos.fight.spells.SpellEffect.applyEffect_181(SpellEffect.java:4095)
	at org.starloco.locos.fight.spells.SpellEffect.applyToFight(SpellEffect.java:690)
	at org.starloco.locos.fight.spells.SpellEffect.applyToFight(SpellEffect.java:395)
	at org.starloco.locos.fight.spells.Spell$SortStats.applySpellEffectToFight(Spell.java:453)
	at org.starloco.locos.fight.Fight.tryCastSpell(Fight.java:2515)
	at org.starloco.locos.fight.ia.util.Function.invocIfPossible(Function.java:1323)
	at org.starloco.locos.fight.ia.type.IA27.apply(IA27.java:58)
	at org.starloco.locos.fight.ia.AbstractIA.decrementCount(AbstractIA.java:69)
	at java.util.concurrent.Executors$RunnableAdapter.call(Executors.java:511)
	at java.util.concurrent.FutureTask.run(FutureTask.java:266)
	at java.util.concurrent.ScheduledThreadPoolExecutor$ScheduledFutureTask.access$201(ScheduledThreadPoolExecutor.java:180)
	at java.util.concurrent.ScheduledThreadPoolExecutor$ScheduledFutureTask.run(ScheduledThreadPoolExecutor.java:293)
	at java.util.concurrent.ThreadPoolExecutor.runWorker(ThreadPoolExecutor.java:1149)
	at java.util.concurrent.ThreadPoolExecutor$Worker.run(ThreadPoolExecutor.java:624)
	at java.lang.Thread.run(Thread.java:750)
java.lang.NullPointerException
	at org.starloco.locos.fight.spells.SpellEffect.applyEffect_181(SpellEffect.java:4095)
	at org.starloco.locos.fight.spells.SpellEffect.applyToFight(SpellEffect.java:690)
	at org.starloco.locos.fight.spells.SpellEffect.applyToFight(SpellEffect.java:395)
	at org.starloco.locos.fight.spells.Spell$SortStats.applySpellEffectToFight(Spell.java:453)
	at org.starloco.locos.fight.Fight.tryCastSpell(Fight.java:2515)
	at org.starloco.locos.fight.ia.util.Function.invocIfPossible(Function.java:1323)
	at org.starloco.locos.fight.ia.type.IA30.apply(IA30.java:59)
	at org.starloco.locos.fight.ia.IAHandler.lambda$select$0(IAHandler.java:225)
	at java.util.concurrent.Executors$RunnableAdapter.call(Executors.java:511)
	at java.util.concurrent.FutureTask.run(FutureTask.java:266)
	at java.util.concurrent.ScheduledThreadPoolExecutor$ScheduledFutureTask.access$201(ScheduledThreadPoolExecutor.java:180)
	at java.util.concurrent.ScheduledThreadPoolExecutor$ScheduledFutureTask.run(ScheduledThreadPoolExecutor.java:293)
	at java.util.concurrent.ThreadPoolExecutor.runWorker(ThreadPoolExecutor.java:1149)
	at java.util.concurrent.ThreadPoolExecutor$Worker.run(ThreadPoolExecutor.java:624)
	at java.lang.Thread.run(Thread.java:750)
java.lang.NullPointerException
	at org.starloco.locos.common.SocketManager.GAME_SEND_STATS_PACKET(SocketManager.java:117)
	at org.starloco.locos.fight.spells.SpellEffect.applyEffect_780(SpellEffect.java:4786)
	at org.starloco.locos.fight.spells.SpellEffect.applyToFight(SpellEffect.java:801)
	at org.starloco.locos.fight.spells.SpellEffect.applyToFight(SpellEffect.java:395)
	at org.starloco.locos.fight.spells.Spell$SortStats.applySpellEffectToFight(Spell.java:453)
	at org.starloco.locos.fight.Fight.tryCastSpell(Fight.java:2515)
	at org.starloco.locos.fight.ia.util.Function.attackIfPossible(Function.java:2696)
	at org.starloco.locos.fight.ia.type.IA27.apply(IA27.java:85)
	at org.starloco.locos.fight.ia.AbstractIA.decrementCount(AbstractIA.java:69)
	at java.util.concurrent.Executors$RunnableAdapter.call(Executors.java:511)
	at java.util.concurrent.FutureTask.run(FutureTask.java:266)
	at java.util.concurrent.ScheduledThreadPoolExecutor$ScheduledFutureTask.access$201(ScheduledThreadPoolExecutor.java:180)
	at java.util.concurrent.ScheduledThreadPoolExecutor$ScheduledFutureTask.run(ScheduledThreadPoolExecutor.java:293)
	at java.util.concurrent.ThreadPoolExecutor.runWorker(ThreadPoolExecutor.java:1149)
	at java.util.concurrent.ThreadPoolExecutor$Worker.run(ThreadPoolExecutor.java:624)
	at java.lang.Thread.run(Thread.java:750)
