java.lang.NumberFormatException: For input string: ""
	at java.lang.NumberFormatException.forInputString(NumberFormatException.java:65)
	at java.lang.Integer.parseInt(Integer.java:592)
	at java.lang.Integer.parseInt(Integer.java:615)
	at org.starloco.locos.kernel.Config.convertArrayStringToInt(Config.java:281)
	at org.starloco.locos.kernel.Config.load(Config.java:133)
	at org.starloco.locos.kernel.Main.start(Main.java:86)
	at org.starloco.locos.kernel.Main.main(Main.java:76)
java.lang.NumberFormatException: For input string: "5


"
	at java.lang.NumberFormatException.forInputString(NumberFormatException.java:65)
	at java.lang.Integer.parseInt(Integer.java:580)
	at java.lang.Integer.parseInt(Integer.java:615)
	at org.starloco.locos.entity.monster.Monster$MobGrade.<init>(Monster.java:1105)
	at org.starloco.locos.entity.monster.Monster.<init>(Monster.java:104)
	at org.starloco.locos.database.dynamics.data.MonsterData.load(MonsterData.java:52)
	at org.starloco.locos.game.world.World.createWorld(World.java:332)
	at org.starloco.locos.kernel.Main.start(Main.java:91)
	at org.starloco.locos.kernel.Main.main(Main.java:76)
java.lang.NumberFormatException: For input string: "5
"
	at java.lang.NumberFormatException.forInputString(NumberFormatException.java:65)
	at java.lang.Integer.parseInt(Integer.java:580)
	at java.lang.Integer.parseInt(Integer.java:615)
	at org.starloco.locos.entity.monster.Monster$MobGrade.<init>(Monster.java:1105)
	at org.starloco.locos.entity.monster.Monster.<init>(Monster.java:104)
	at org.starloco.locos.database.dynamics.data.MonsterData.load(MonsterData.java:52)
	at org.starloco.locos.game.world.World.createWorld(World.java:332)
	at org.starloco.locos.kernel.Main.start(Main.java:91)
	at org.starloco.locos.kernel.Main.main(Main.java:76)
java.lang.NumberFormatException: For input string: "5
"
	at java.lang.NumberFormatException.forInputString(NumberFormatException.java:65)
	at java.lang.Integer.parseInt(Integer.java:580)
	at java.lang.Integer.parseInt(Integer.java:615)
	at org.starloco.locos.entity.monster.Monster$MobGrade.<init>(Monster.java:1105)
	at org.starloco.locos.entity.monster.Monster.<init>(Monster.java:104)
	at org.starloco.locos.database.dynamics.data.MonsterData.load(MonsterData.java:52)
	at org.starloco.locos.game.world.World.createWorld(World.java:332)
	at org.starloco.locos.kernel.Main.start(Main.java:91)
	at org.starloco.locos.kernel.Main.main(Main.java:76)
java.lang.NumberFormatException: For input string: "5
"
	at java.lang.NumberFormatException.forInputString(NumberFormatException.java:65)
	at java.lang.Integer.parseInt(Integer.java:580)
	at java.lang.Integer.parseInt(Integer.java:615)
	at org.starloco.locos.entity.monster.Monster$MobGrade.<init>(Monster.java:1105)
	at org.starloco.locos.entity.monster.Monster.<init>(Monster.java:104)
	at org.starloco.locos.database.dynamics.data.MonsterData.load(MonsterData.java:52)
	at org.starloco.locos.game.world.World.createWorld(World.java:332)
	at org.starloco.locos.kernel.Main.start(Main.java:91)
	at org.starloco.locos.kernel.Main.main(Main.java:76)
java.lang.NumberFormatException: For input string: "5
"
	at java.lang.NumberFormatException.forInputString(NumberFormatException.java:65)
	at java.lang.Integer.parseInt(Integer.java:580)
	at java.lang.Integer.parseInt(Integer.java:615)
	at org.starloco.locos.entity.monster.Monster$MobGrade.<init>(Monster.java:1105)
	at org.starloco.locos.entity.monster.Monster.<init>(Monster.java:104)
	at org.starloco.locos.database.dynamics.data.MonsterData.load(MonsterData.java:52)
	at org.starloco.locos.game.world.World.createWorld(World.java:332)
	at org.starloco.locos.kernel.Main.start(Main.java:91)
	at org.starloco.locos.kernel.Main.main(Main.java:76)
java.lang.NumberFormatException: For input string: "5
"
	at java.lang.NumberFormatException.forInputString(NumberFormatException.java:65)
	at java.lang.Integer.parseInt(Integer.java:580)
	at java.lang.Integer.parseInt(Integer.java:615)
	at org.starloco.locos.entity.monster.Monster$MobGrade.<init>(Monster.java:1105)
	at org.starloco.locos.entity.monster.Monster.<init>(Monster.java:104)
	at org.starloco.locos.database.dynamics.data.MonsterData.load(MonsterData.java:52)
	at org.starloco.locos.game.world.World.createWorld(World.java:332)
	at org.starloco.locos.kernel.Main.start(Main.java:91)
	at org.starloco.locos.kernel.Main.main(Main.java:76)
java.lang.NumberFormatException: For input string: "5

"
	at java.lang.NumberFormatException.forInputString(NumberFormatException.java:65)
	at java.lang.Integer.parseInt(Integer.java:580)
	at java.lang.Integer.parseInt(Integer.java:615)
	at org.starloco.locos.entity.monster.Monster$MobGrade.<init>(Monster.java:1105)
	at org.starloco.locos.entity.monster.Monster.<init>(Monster.java:104)
	at org.starloco.locos.database.dynamics.data.MonsterData.load(MonsterData.java:52)
	at org.starloco.locos.game.world.World.createWorld(World.java:332)
	at org.starloco.locos.kernel.Main.start(Main.java:91)
	at org.starloco.locos.kernel.Main.main(Main.java:76)
java.lang.NullPointerException
	at org.starloco.locos.client.Player.teleport(Player.java:3088)
	at org.starloco.locos.game.GameClient.goToMap(GameClient.java:1172)
	at org.starloco.locos.game.GameClient.parseBasicsPacket(GameClient.java:765)
	at org.starloco.locos.game.GameClient.parsePacket(GameClient.java:139)
	at org.starloco.locos.game.GameHandler.messageReceived(GameHandler.java:32)
	at org.apache.mina.core.filterchain.DefaultIoFilterChain$TailFilter.messageReceived(DefaultIoFilterChain.java:854)
	at org.apache.mina.core.filterchain.DefaultIoFilterChain.callNextMessageReceived(DefaultIoFilterChain.java:542)
	at org.apache.mina.core.filterchain.DefaultIoFilterChain.access$1300(DefaultIoFilterChain.java:48)
	at org.apache.mina.core.filterchain.DefaultIoFilterChain$EntryImpl$1.messageReceived(DefaultIoFilterChain.java:943)
	at org.apache.mina.filter.codec.ProtocolCodecFilter$ProtocolDecoderOutputImpl.flush(ProtocolCodecFilter.java:405)
	at org.apache.mina.filter.codec.ProtocolCodecFilter.messageReceived(ProtocolCodecFilter.java:235)
	at org.apache.mina.core.filterchain.DefaultIoFilterChain.callNextMessageReceived(DefaultIoFilterChain.java:542)
	at org.apache.mina.core.filterchain.DefaultIoFilterChain.access$1300(DefaultIoFilterChain.java:48)
	at org.apache.mina.core.filterchain.DefaultIoFilterChain$EntryImpl$1.messageReceived(DefaultIoFilterChain.java:943)
	at org.apache.mina.core.filterchain.IoFilterAdapter.messageReceived(IoFilterAdapter.java:109)
	at org.apache.mina.core.filterchain.DefaultIoFilterChain.callNextMessageReceived(DefaultIoFilterChain.java:542)
	at org.apache.mina.core.filterchain.DefaultIoFilterChain.fireMessageReceived(DefaultIoFilterChain.java:535)
	at org.apache.mina.core.polling.AbstractPollingIoProcessor.read(AbstractPollingIoProcessor.java:714)
	at org.apache.mina.core.polling.AbstractPollingIoProcessor.process(AbstractPollingIoProcessor.java:668)
	at org.apache.mina.core.polling.AbstractPollingIoProcessor.process(AbstractPollingIoProcessor.java:657)
	at org.apache.mina.core.polling.AbstractPollingIoProcessor.access$600(AbstractPollingIoProcessor.java:67)
	at org.apache.mina.core.polling.AbstractPollingIoProcessor$Processor.run(AbstractPollingIoProcessor.java:1121)
	at org.apache.mina.util.NamePreservingRunnable.run(NamePreservingRunnable.java:64)
	at java.util.concurrent.ThreadPoolExecutor.runWorker(ThreadPoolExecutor.java:1149)
	at java.util.concurrent.ThreadPoolExecutor$Worker.run(ThreadPoolExecutor.java:624)
	at java.lang.Thread.run(Thread.java:750)
org.apache.mina.core.write.WriteToClosedSessionException
	at org.apache.mina.core.polling.AbstractPollingIoProcessor.clearWriteRequestQueue(AbstractPollingIoProcessor.java:642)
	at org.apache.mina.core.polling.AbstractPollingIoProcessor.removeNow(AbstractPollingIoProcessor.java:594)
	at org.apache.mina.core.polling.AbstractPollingIoProcessor.removeSessions(AbstractPollingIoProcessor.java:564)
	at org.apache.mina.core.polling.AbstractPollingIoProcessor.access$800(AbstractPollingIoProcessor.java:67)
	at org.apache.mina.core.polling.AbstractPollingIoProcessor$Processor.run(AbstractPollingIoProcessor.java:1129)
	at org.apache.mina.util.NamePreservingRunnable.run(NamePreservingRunnable.java:64)
	at java.util.concurrent.ThreadPoolExecutor.runWorker(ThreadPoolExecutor.java:1149)
	at java.util.concurrent.ThreadPoolExecutor$Worker.run(ThreadPoolExecutor.java:624)
	at java.lang.Thread.run(Thread.java:750)
java.lang.ArrayIndexOutOfBoundsException: 1
	at org.starloco.locos.command.CommandAdmin.command(CommandAdmin.java:140)
	at org.starloco.locos.command.CommandAdmin.apply(CommandAdmin.java:75)
	at org.starloco.locos.game.GameClient.authorisedCommand(GameClient.java:780)
	at org.starloco.locos.game.GameClient.parseBasicsPacket(GameClient.java:746)
	at org.starloco.locos.game.GameClient.parsePacket(GameClient.java:139)
	at org.starloco.locos.game.GameHandler.messageReceived(GameHandler.java:32)
	at org.apache.mina.core.filterchain.DefaultIoFilterChain$TailFilter.messageReceived(DefaultIoFilterChain.java:854)
	at org.apache.mina.core.filterchain.DefaultIoFilterChain.callNextMessageReceived(DefaultIoFilterChain.java:542)
	at org.apache.mina.core.filterchain.DefaultIoFilterChain.access$1300(DefaultIoFilterChain.java:48)
	at org.apache.mina.core.filterchain.DefaultIoFilterChain$EntryImpl$1.messageReceived(DefaultIoFilterChain.java:943)
	at org.apache.mina.filter.codec.ProtocolCodecFilter$ProtocolDecoderOutputImpl.flush(ProtocolCodecFilter.java:405)
	at org.apache.mina.filter.codec.ProtocolCodecFilter.messageReceived(ProtocolCodecFilter.java:235)
	at org.apache.mina.core.filterchain.DefaultIoFilterChain.callNextMessageReceived(DefaultIoFilterChain.java:542)
	at org.apache.mina.core.filterchain.DefaultIoFilterChain.access$1300(DefaultIoFilterChain.java:48)
	at org.apache.mina.core.filterchain.DefaultIoFilterChain$EntryImpl$1.messageReceived(DefaultIoFilterChain.java:943)
	at org.apache.mina.core.filterchain.IoFilterAdapter.messageReceived(IoFilterAdapter.java:109)
	at org.apache.mina.core.filterchain.DefaultIoFilterChain.callNextMessageReceived(DefaultIoFilterChain.java:542)
	at org.apache.mina.core.filterchain.DefaultIoFilterChain.fireMessageReceived(DefaultIoFilterChain.java:535)
	at org.apache.mina.core.polling.AbstractPollingIoProcessor.read(AbstractPollingIoProcessor.java:714)
	at org.apache.mina.core.polling.AbstractPollingIoProcessor.process(AbstractPollingIoProcessor.java:668)
	at org.apache.mina.core.polling.AbstractPollingIoProcessor.process(AbstractPollingIoProcessor.java:657)
	at org.apache.mina.core.polling.AbstractPollingIoProcessor.access$600(AbstractPollingIoProcessor.java:67)
	at org.apache.mina.core.polling.AbstractPollingIoProcessor$Processor.run(AbstractPollingIoProcessor.java:1121)
	at org.apache.mina.util.NamePreservingRunnable.run(NamePreservingRunnable.java:64)
	at java.util.concurrent.ThreadPoolExecutor.runWorker(ThreadPoolExecutor.java:1149)
	at java.util.concurrent.ThreadPoolExecutor$Worker.run(ThreadPoolExecutor.java:624)
	at java.lang.Thread.run(Thread.java:750)
com.mysql.jdbc.exceptions.jdbc4.MySQLSyntaxErrorException: La table 'help_login.world.entity.players.quests' n'existe pas
	at sun.reflect.NativeConstructorAccessorImpl.newInstance0(Native Method)
	at sun.reflect.NativeConstructorAccessorImpl.newInstance(NativeConstructorAccessorImpl.java:62)
	at sun.reflect.DelegatingConstructorAccessorImpl.newInstance(DelegatingConstructorAccessorImpl.java:45)
	at java.lang.reflect.Constructor.newInstance(Constructor.java:423)
	at com.mysql.jdbc.Util.handleNewInstance(Util.java:406)
	at com.mysql.jdbc.Util.getInstance(Util.java:381)
	at com.mysql.jdbc.SQLError.createSQLException(SQLError.java:1051)
	at com.mysql.jdbc.MysqlIO.checkErrorPacket(MysqlIO.java:3563)
	at com.mysql.jdbc.MysqlIO.checkErrorPacket(MysqlIO.java:3495)
	at com.mysql.jdbc.MysqlIO.sendCommand(MysqlIO.java:1959)
	at com.mysql.jdbc.MysqlIO.sqlQueryDirect(MysqlIO.java:2113)
	at com.mysql.jdbc.ConnectionImpl.execSQL(ConnectionImpl.java:2693)
	at com.mysql.jdbc.PreparedStatement.executeInternal(PreparedStatement.java:2102)
	at com.mysql.jdbc.PreparedStatement.execute(PreparedStatement.java:1364)
	at com.zaxxer.hikari.proxy.PreparedStatementJavassistProxy.execute(PreparedStatementJavassistProxy.java)
	at org.starloco.locos.database.statics.AbstractDAO.execute(AbstractDAO.java:47)
	at org.starloco.locos.database.statics.data.PlayerData.delete(PlayerData.java:160)
	at org.starloco.locos.client.Player.remove(Player.java:1722)
	at org.starloco.locos.game.world.World.removePlayer(World.java:771)
	at org.starloco.locos.client.Account.deletePlayer(Account.java:308)
	at org.starloco.locos.game.GameClient.deleteCharacter(GameClient.java:532)
	at org.starloco.locos.game.GameClient.parseAccountPacket(GameClient.java:266)
	at org.starloco.locos.game.GameClient.parsePacket(GameClient.java:136)
	at org.starloco.locos.game.GameHandler.messageReceived(GameHandler.java:32)
	at org.apache.mina.core.filterchain.DefaultIoFilterChain$TailFilter.messageReceived(DefaultIoFilterChain.java:854)
	at org.apache.mina.core.filterchain.DefaultIoFilterChain.callNextMessageReceived(DefaultIoFilterChain.java:542)
	at org.apache.mina.core.filterchain.DefaultIoFilterChain.access$1300(DefaultIoFilterChain.java:48)
	at org.apache.mina.core.filterchain.DefaultIoFilterChain$EntryImpl$1.messageReceived(DefaultIoFilterChain.java:943)
	at org.apache.mina.filter.codec.ProtocolCodecFilter$ProtocolDecoderOutputImpl.flush(ProtocolCodecFilter.java:405)
	at org.apache.mina.filter.codec.ProtocolCodecFilter.messageReceived(ProtocolCodecFilter.java:235)
	at org.apache.mina.core.filterchain.DefaultIoFilterChain.callNextMessageReceived(DefaultIoFilterChain.java:542)
	at org.apache.mina.core.filterchain.DefaultIoFilterChain.access$1300(DefaultIoFilterChain.java:48)
	at org.apache.mina.core.filterchain.DefaultIoFilterChain$EntryImpl$1.messageReceived(DefaultIoFilterChain.java:943)
	at org.apache.mina.core.filterchain.IoFilterAdapter.messageReceived(IoFilterAdapter.java:109)
	at org.apache.mina.core.filterchain.DefaultIoFilterChain.callNextMessageReceived(DefaultIoFilterChain.java:542)
	at org.apache.mina.core.filterchain.DefaultIoFilterChain.fireMessageReceived(DefaultIoFilterChain.java:535)
	at org.apache.mina.core.polling.AbstractPollingIoProcessor.read(AbstractPollingIoProcessor.java:714)
	at org.apache.mina.core.polling.AbstractPollingIoProcessor.process(AbstractPollingIoProcessor.java:668)
	at org.apache.mina.core.polling.AbstractPollingIoProcessor.process(AbstractPollingIoProcessor.java:657)
	at org.apache.mina.core.polling.AbstractPollingIoProcessor.access$600(AbstractPollingIoProcessor.java:67)
	at org.apache.mina.core.polling.AbstractPollingIoProcessor$Processor.run(AbstractPollingIoProcessor.java:1121)
	at org.apache.mina.util.NamePreservingRunnable.run(NamePreservingRunnable.java:64)
	at java.util.concurrent.ThreadPoolExecutor.runWorker(ThreadPoolExecutor.java:1149)
	at java.util.concurrent.ThreadPoolExecutor$Worker.run(ThreadPoolExecutor.java:624)
	at java.lang.Thread.run(Thread.java:750)
