java.lang.NullPointerException
	at org.starloco.locos.fight.spells.SpellEffect.applyEffect_181(SpellEffect.java:4095)
	at org.starloco.locos.fight.spells.SpellEffect.applyToFight(SpellEffect.java:690)
	at org.starloco.locos.fight.spells.SpellEffect.applyToFight(SpellEffect.java:395)
	at org.starloco.locos.fight.spells.Spell$SortStats.applySpellEffectToFight(Spell.java:453)
	at org.starloco.locos.fight.Fight.tryCastSpell(Fight.java:2511)
	at org.starloco.locos.fight.ia.util.Function.invocIfPossible(Function.java:1387)
	at org.starloco.locos.fight.ia.type.IA27.apply(IA27.java:58)
	at org.starloco.locos.fight.ia.IAHandler.lambda$select$0(IAHandler.java:228)
	at java.util.concurrent.Executors$RunnableAdapter.call(Executors.java:511)
	at java.util.concurrent.FutureTask.run(FutureTask.java:266)
	at java.util.concurrent.ScheduledThreadPoolExecutor$ScheduledFutureTask.access$201(ScheduledThreadPoolExecutor.java:180)
	at java.util.concurrent.ScheduledThreadPoolExecutor$ScheduledFutureTask.run(ScheduledThreadPoolExecutor.java:293)
	at java.util.concurrent.ThreadPoolExecutor.runWorker(ThreadPoolExecutor.java:1149)
	at java.util.concurrent.ThreadPoolExecutor$Worker.run(ThreadPoolExecutor.java:624)
	at java.lang.Thread.run(Thread.java:750)
java.lang.NullPointerException
	at org.starloco.locos.fight.spells.SpellEffect.applyEffect_181(SpellEffect.java:4095)
	at org.starloco.locos.fight.spells.SpellEffect.applyToFight(SpellEffect.java:690)
	at org.starloco.locos.fight.spells.SpellEffect.applyToFight(SpellEffect.java:395)
	at org.starloco.locos.fight.spells.Spell$SortStats.applySpellEffectToFight(Spell.java:453)
	at org.starloco.locos.fight.Fight.tryCastSpell(Fight.java:2511)
	at org.starloco.locos.fight.ia.util.Function.invocIfPossible(Function.java:1387)
	at org.starloco.locos.fight.ia.type.IA27.apply(IA27.java:58)
	at org.starloco.locos.fight.ia.AbstractIA.decrementCount(AbstractIA.java:69)
	at java.util.concurrent.Executors$RunnableAdapter.call(Executors.java:511)
	at java.util.concurrent.FutureTask.run(FutureTask.java:266)
	at java.util.concurrent.ScheduledThreadPoolExecutor$ScheduledFutureTask.access$201(ScheduledThreadPoolExecutor.java:180)
	at java.util.concurrent.ScheduledThreadPoolExecutor$ScheduledFutureTask.run(ScheduledThreadPoolExecutor.java:293)
	at java.util.concurrent.ThreadPoolExecutor.runWorker(ThreadPoolExecutor.java:1149)
	at java.util.concurrent.ThreadPoolExecutor$Worker.run(ThreadPoolExecutor.java:624)
	at java.lang.Thread.run(Thread.java:750)
