java.util.ConcurrentModificationException
	at java.util.ArrayList$Itr.checkForComodification(ArrayList.java:911)
	at java.util.ArrayList$Itr.next(ArrayList.java:861)
	at org.starloco.locos.fight.Fighter.debuffOnFighterDie(Fighter.java:619)
	at org.starloco.locos.fight.Fight.onFighterDie(Fight.java:3082)
	at org.starloco.locos.fight.spells.SpellEffect.applyEffect_141(SpellEffect.java:3548)
	at org.starloco.locos.fight.spells.SpellEffect.applyToFight(SpellEffect.java:610)
	at org.starloco.locos.fight.spells.SpellEffect.applyToFight(SpellEffect.java:395)
	at org.starloco.locos.fight.spells.Spell$SortStats.applySpellEffectToFight(Spell.java:453)
	at org.starloco.locos.fight.Fight.tryCastSpell(Fight.java:2519)
	at org.starloco.locos.game.GameClient.lambda$gameTryCastSpell$17(GameClient.java:4401)
	at org.starloco.locos.fight.Fight.cast(Fight.java:5769)
	at org.starloco.locos.game.GameClient.gameTryCastSpell(GameClient.java:4401)
	at org.starloco.locos.game.GameClient.sendActions(GameClient.java:4158)
	at org.starloco.locos.game.GameClient.parseGamePacket(GameClient.java:4070)
	at org.starloco.locos.game.GameClient.parsePacket(GameClient.java:166)
	at org.starloco.locos.game.GameHandler.messageReceived(GameHandler.java:32)
	at org.apache.mina.core.filterchain.DefaultIoFilterChain$TailFilter.messageReceived(DefaultIoFilterChain.java:854)
	at org.apache.mina.core.filterchain.DefaultIoFilterChain.callNextMessageReceived(DefaultIoFilterChain.java:542)
	at org.apache.mina.core.filterchain.DefaultIoFilterChain.access$1300(DefaultIoFilterChain.java:48)
	at org.apache.mina.core.filterchain.DefaultIoFilterChain$EntryImpl$1.messageReceived(DefaultIoFilterChain.java:943)
	at org.apache.mina.filter.codec.ProtocolCodecFilter$ProtocolDecoderOutputImpl.flush(ProtocolCodecFilter.java:405)
	at org.apache.mina.filter.codec.ProtocolCodecFilter.messageReceived(ProtocolCodecFilter.java:235)
	at org.apache.mina.core.filterchain.DefaultIoFilterChain.callNextMessageReceived(DefaultIoFilterChain.java:542)
	at org.apache.mina.core.filterchain.DefaultIoFilterChain.access$1300(DefaultIoFilterChain.java:48)
	at org.apache.mina.core.filterchain.DefaultIoFilterChain$EntryImpl$1.messageReceived(DefaultIoFilterChain.java:943)
	at org.apache.mina.core.filterchain.IoFilterAdapter.messageReceived(IoFilterAdapter.java:109)
	at org.apache.mina.core.filterchain.DefaultIoFilterChain.callNextMessageReceived(DefaultIoFilterChain.java:542)
	at org.apache.mina.core.filterchain.DefaultIoFilterChain.fireMessageReceived(DefaultIoFilterChain.java:535)
	at org.apache.mina.core.polling.AbstractPollingIoProcessor.read(AbstractPollingIoProcessor.java:714)
	at org.apache.mina.core.polling.AbstractPollingIoProcessor.process(AbstractPollingIoProcessor.java:668)
	at org.apache.mina.core.polling.AbstractPollingIoProcessor.process(AbstractPollingIoProcessor.java:657)
	at org.apache.mina.core.polling.AbstractPollingIoProcessor.access$600(AbstractPollingIoProcessor.java:67)
	at org.apache.mina.core.polling.AbstractPollingIoProcessor$Processor.run(AbstractPollingIoProcessor.java:1121)
	at org.apache.mina.util.NamePreservingRunnable.run(NamePreservingRunnable.java:64)
	at java.util.concurrent.ThreadPoolExecutor.runWorker(ThreadPoolExecutor.java:1149)
	at java.util.concurrent.ThreadPoolExecutor$Worker.run(ThreadPoolExecutor.java:624)
	at java.lang.Thread.run(Thread.java:750)
