java.lang.ArrayIndexOutOfBoundsException: 4
	at org.starloco.locos.object.ObjectTemplate.generateNewStatsFromTemplate(ObjectTemplate.java:573)
	at org.starloco.locos.object.ObjectTemplate.createNewItem(ObjectTemplate.java:511)
	at org.starloco.locos.command.CommandAdmin.command(CommandAdmin.java:1857)
	at org.starloco.locos.command.CommandAdmin.apply(CommandAdmin.java:73)
	at org.starloco.locos.game.GameClient.authorisedCommand(GameClient.java:781)
	at org.starloco.locos.game.GameClient.parseBasicsPacket(GameClient.java:747)
	at org.starloco.locos.game.GameClient.parsePacket(GameClient.java:139)
	at org.starloco.locos.game.GameHandler.messageReceived(GameHandler.java:32)
	at org.apache.mina.core.filterchain.DefaultIoFilterChain$TailFilter.messageReceived(DefaultIoFilterChain.java:854)
	at org.apache.mina.core.filterchain.DefaultIoFilterChain.callNextMessageReceived(DefaultIoFilterChain.java:542)
	at org.apache.mina.core.filterchain.DefaultIoFilterChain.access$1300(DefaultIoFilterChain.java:48)
	at org.apache.mina.core.filterchain.DefaultIoFilterChain$EntryImpl$1.messageReceived(DefaultIoFilterChain.java:943)
	at org.apache.mina.filter.codec.ProtocolCodecFilter$ProtocolDecoderOutputImpl.flush(ProtocolCodecFilter.java:405)
	at org.apache.mina.filter.codec.ProtocolCodecFilter.messageReceived(ProtocolCodecFilter.java:235)
	at org.apache.mina.core.filterchain.DefaultIoFilterChain.callNextMessageReceived(DefaultIoFilterChain.java:542)
	at org.apache.mina.core.filterchain.DefaultIoFilterChain.access$1300(DefaultIoFilterChain.java:48)
	at org.apache.mina.core.filterchain.DefaultIoFilterChain$EntryImpl$1.messageReceived(DefaultIoFilterChain.java:943)
	at org.apache.mina.core.filterchain.IoFilterAdapter.messageReceived(IoFilterAdapter.java:109)
	at org.apache.mina.core.filterchain.DefaultIoFilterChain.callNextMessageReceived(DefaultIoFilterChain.java:542)
	at org.apache.mina.core.filterchain.DefaultIoFilterChain.fireMessageReceived(DefaultIoFilterChain.java:535)
	at org.apache.mina.core.polling.AbstractPollingIoProcessor.read(AbstractPollingIoProcessor.java:714)
	at org.apache.mina.core.polling.AbstractPollingIoProcessor.process(AbstractPollingIoProcessor.java:668)
	at org.apache.mina.core.polling.AbstractPollingIoProcessor.process(AbstractPollingIoProcessor.java:657)
	at org.apache.mina.core.polling.AbstractPollingIoProcessor.access$600(AbstractPollingIoProcessor.java:67)
	at org.apache.mina.core.polling.AbstractPollingIoProcessor$Processor.run(AbstractPollingIoProcessor.java:1121)
	at org.apache.mina.util.NamePreservingRunnable.run(NamePreservingRunnable.java:64)
	at java.util.concurrent.ThreadPoolExecutor.runWorker(ThreadPoolExecutor.java:1149)
	at java.util.concurrent.ThreadPoolExecutor$Worker.run(ThreadPoolExecutor.java:624)
	at java.lang.Thread.run(Thread.java:750)
java.lang.ArrayIndexOutOfBoundsException: 4
	at org.starloco.locos.object.ObjectTemplate.generateNewStatsFromTemplate(ObjectTemplate.java:573)
	at org.starloco.locos.object.ObjectTemplate.createNewItem(ObjectTemplate.java:511)
	at org.starloco.locos.command.CommandAdmin.command(CommandAdmin.java:1857)
	at org.starloco.locos.command.CommandAdmin.apply(CommandAdmin.java:73)
	at org.starloco.locos.game.GameClient.authorisedCommand(GameClient.java:781)
	at org.starloco.locos.game.GameClient.parseBasicsPacket(GameClient.java:747)
	at org.starloco.locos.game.GameClient.parsePacket(GameClient.java:139)
	at org.starloco.locos.game.GameHandler.messageReceived(GameHandler.java:32)
	at org.apache.mina.core.filterchain.DefaultIoFilterChain$TailFilter.messageReceived(DefaultIoFilterChain.java:854)
	at org.apache.mina.core.filterchain.DefaultIoFilterChain.callNextMessageReceived(DefaultIoFilterChain.java:542)
	at org.apache.mina.core.filterchain.DefaultIoFilterChain.access$1300(DefaultIoFilterChain.java:48)
	at org.apache.mina.core.filterchain.DefaultIoFilterChain$EntryImpl$1.messageReceived(DefaultIoFilterChain.java:943)
	at org.apache.mina.filter.codec.ProtocolCodecFilter$ProtocolDecoderOutputImpl.flush(ProtocolCodecFilter.java:405)
	at org.apache.mina.filter.codec.ProtocolCodecFilter.messageReceived(ProtocolCodecFilter.java:235)
	at org.apache.mina.core.filterchain.DefaultIoFilterChain.callNextMessageReceived(DefaultIoFilterChain.java:542)
	at org.apache.mina.core.filterchain.DefaultIoFilterChain.access$1300(DefaultIoFilterChain.java:48)
	at org.apache.mina.core.filterchain.DefaultIoFilterChain$EntryImpl$1.messageReceived(DefaultIoFilterChain.java:943)
	at org.apache.mina.core.filterchain.IoFilterAdapter.messageReceived(IoFilterAdapter.java:109)
	at org.apache.mina.core.filterchain.DefaultIoFilterChain.callNextMessageReceived(DefaultIoFilterChain.java:542)
	at org.apache.mina.core.filterchain.DefaultIoFilterChain.fireMessageReceived(DefaultIoFilterChain.java:535)
	at org.apache.mina.core.polling.AbstractPollingIoProcessor.read(AbstractPollingIoProcessor.java:714)
	at org.apache.mina.core.polling.AbstractPollingIoProcessor.process(AbstractPollingIoProcessor.java:668)
	at org.apache.mina.core.polling.AbstractPollingIoProcessor.process(AbstractPollingIoProcessor.java:657)
	at org.apache.mina.core.polling.AbstractPollingIoProcessor.access$600(AbstractPollingIoProcessor.java:67)
	at org.apache.mina.core.polling.AbstractPollingIoProcessor$Processor.run(AbstractPollingIoProcessor.java:1121)
	at org.apache.mina.util.NamePreservingRunnable.run(NamePreservingRunnable.java:64)
	at java.util.concurrent.ThreadPoolExecutor.runWorker(ThreadPoolExecutor.java:1149)
	at java.util.concurrent.ThreadPoolExecutor$Worker.run(ThreadPoolExecutor.java:624)
	at java.lang.Thread.run(Thread.java:750)
java.lang.NullPointerException
	at org.starloco.locos.fight.spells.SpellEffect.applyEffect_181(SpellEffect.java:4095)
	at org.starloco.locos.fight.spells.SpellEffect.applyToFight(SpellEffect.java:690)
	at org.starloco.locos.fight.spells.SpellEffect.applyToFight(SpellEffect.java:395)
	at org.starloco.locos.fight.spells.Spell$SortStats.applySpellEffectToFight(Spell.java:453)
	at org.starloco.locos.fight.Fight.tryCastSpell(Fight.java:2511)
	at org.starloco.locos.fight.ia.util.Function.invocIfPossible(Function.java:1387)
	at org.starloco.locos.fight.ia.type.IA27.apply(IA27.java:58)
	at org.starloco.locos.fight.ia.IAHandler.lambda$select$0(IAHandler.java:228)
	at java.util.concurrent.Executors$RunnableAdapter.call(Executors.java:511)
	at java.util.concurrent.FutureTask.run(FutureTask.java:266)
	at java.util.concurrent.ScheduledThreadPoolExecutor$ScheduledFutureTask.access$201(ScheduledThreadPoolExecutor.java:180)
	at java.util.concurrent.ScheduledThreadPoolExecutor$ScheduledFutureTask.run(ScheduledThreadPoolExecutor.java:293)
	at java.util.concurrent.ThreadPoolExecutor.runWorker(ThreadPoolExecutor.java:1149)
	at java.util.concurrent.ThreadPoolExecutor$Worker.run(ThreadPoolExecutor.java:624)
	at java.lang.Thread.run(Thread.java:750)
java.lang.NullPointerException
	at org.starloco.locos.fight.spells.SpellEffect.applyEffect_181(SpellEffect.java:4095)
	at org.starloco.locos.fight.spells.SpellEffect.applyToFight(SpellEffect.java:690)
	at org.starloco.locos.fight.spells.SpellEffect.applyToFight(SpellEffect.java:395)
	at org.starloco.locos.fight.spells.Spell$SortStats.applySpellEffectToFight(Spell.java:453)
	at org.starloco.locos.fight.Fight.tryCastSpell(Fight.java:2511)
	at org.starloco.locos.fight.ia.util.Function.invocIfPossible(Function.java:1387)
	at org.starloco.locos.fight.ia.type.IA27.apply(IA27.java:58)
	at org.starloco.locos.fight.ia.AbstractIA.decrementCount(AbstractIA.java:69)
	at java.util.concurrent.Executors$RunnableAdapter.call(Executors.java:511)
	at java.util.concurrent.FutureTask.run(FutureTask.java:266)
	at java.util.concurrent.ScheduledThreadPoolExecutor$ScheduledFutureTask.access$201(ScheduledThreadPoolExecutor.java:180)
	at java.util.concurrent.ScheduledThreadPoolExecutor$ScheduledFutureTask.run(ScheduledThreadPoolExecutor.java:293)
	at java.util.concurrent.ThreadPoolExecutor.runWorker(ThreadPoolExecutor.java:1149)
	at java.util.concurrent.ThreadPoolExecutor$Worker.run(ThreadPoolExecutor.java:624)
	at java.lang.Thread.run(Thread.java:750)
java.lang.NullPointerException
	at org.starloco.locos.fight.spells.SpellEffect.applyEffect_181(SpellEffect.java:4095)
	at org.starloco.locos.fight.spells.SpellEffect.applyToFight(SpellEffect.java:690)
	at org.starloco.locos.fight.spells.SpellEffect.applyToFight(SpellEffect.java:395)
	at org.starloco.locos.fight.spells.Spell$SortStats.applySpellEffectToFight(Spell.java:453)
	at org.starloco.locos.fight.Fight.tryCastSpell(Fight.java:2511)
	at org.starloco.locos.fight.ia.util.Function.invocIfPossible(Function.java:1387)
	at org.starloco.locos.fight.ia.type.IA27.apply(IA27.java:58)
	at org.starloco.locos.fight.ia.IAHandler.lambda$select$0(IAHandler.java:228)
	at java.util.concurrent.Executors$RunnableAdapter.call(Executors.java:511)
	at java.util.concurrent.FutureTask.run(FutureTask.java:266)
	at java.util.concurrent.ScheduledThreadPoolExecutor$ScheduledFutureTask.access$201(ScheduledThreadPoolExecutor.java:180)
	at java.util.concurrent.ScheduledThreadPoolExecutor$ScheduledFutureTask.run(ScheduledThreadPoolExecutor.java:293)
	at java.util.concurrent.ThreadPoolExecutor.runWorker(ThreadPoolExecutor.java:1149)
	at java.util.concurrent.ThreadPoolExecutor$Worker.run(ThreadPoolExecutor.java:624)
	at java.lang.Thread.run(Thread.java:750)
java.lang.NullPointerException
	at org.starloco.locos.fight.spells.SpellEffect.applyEffect_181(SpellEffect.java:4095)
	at org.starloco.locos.fight.spells.SpellEffect.applyToFight(SpellEffect.java:690)
	at org.starloco.locos.fight.spells.SpellEffect.applyToFight(SpellEffect.java:395)
	at org.starloco.locos.fight.spells.Spell$SortStats.applySpellEffectToFight(Spell.java:453)
	at org.starloco.locos.fight.Fight.tryCastSpell(Fight.java:2511)
	at org.starloco.locos.fight.ia.util.Function.invocIfPossible(Function.java:1387)
	at org.starloco.locos.fight.ia.type.IA27.apply(IA27.java:58)
	at org.starloco.locos.fight.ia.IAHandler.lambda$select$0(IAHandler.java:228)
	at java.util.concurrent.Executors$RunnableAdapter.call(Executors.java:511)
	at java.util.concurrent.FutureTask.run(FutureTask.java:266)
	at java.util.concurrent.ScheduledThreadPoolExecutor$ScheduledFutureTask.access$201(ScheduledThreadPoolExecutor.java:180)
	at java.util.concurrent.ScheduledThreadPoolExecutor$ScheduledFutureTask.run(ScheduledThreadPoolExecutor.java:293)
	at java.util.concurrent.ThreadPoolExecutor.runWorker(ThreadPoolExecutor.java:1149)
	at java.util.concurrent.ThreadPoolExecutor$Worker.run(ThreadPoolExecutor.java:624)
	at java.lang.Thread.run(Thread.java:750)
